
> chingi-bot@1.0.0 start /Users/Nikita/Desktop/seriousProjects/chingi-bot
> /botLogic/node index.js

sh: /botLogic/node: No such file or directory
npm ERR! code ELIFECYCLE
npm ERR! syscall spawn
npm ERR! file sh
npm ERR! errno ENOENT
npm ERR! chingi-bot@1.0.0 start: `/botLogic/node index.js`
npm ERR! spawn ENOENT
npm ERR! 
npm ERR! Failed at the chingi-bot@1.0.0 start script.
npm ERR! This is probably not a problem with npm. There is likely additional logging output above.

npm ERR! A complete log of this run can be found in:
npm ERR!     /Users/Nikita/.npm/_logs/2020-10-01T20_28_19_662Z-debug.log

> chingi-bot@1.0.0 start /Users/Nikita/Desktop/seriousProjects/chingi-bot
> /botLogic/node index.js

sh: /botLogic/node: No such file or directory
npm ERR! code ELIFECYCLE
npm ERR! syscall spawn
npm ERR! file sh
npm ERR! errno ENOENT
npm ERR! chingi-bot@1.0.0 start: `/botLogic/node index.js`
npm ERR! spawn ENOENT
npm ERR! 
npm ERR! Failed at the chingi-bot@1.0.0 start script.
npm ERR! This is probably not a problem with npm. There is likely additional logging output above.

npm ERR! A complete log of this run can be found in:
npm ERR!     /Users/Nikita/.npm/_logs/2020-10-01T20_28_36_761Z-debug.log
